<?xml version="1.0" encoding="UTF-8"?>
<persistence xmlns="http://xmlns.jcp.org/xml/ns/persistence"
	xmlns:xsi="http://www.w3.org/2001/XMLSchema-instance"
	xsi:schemaLocation="http://xmlns.jcp.org/xml/ns/persistence http://xmlns.jcp.org/xml/ns/persistence/persistence_2_1.xsd"
	version="2.1">
	<persistence-unit name="otc" transaction-type="JTA">
		<provider>org.hibernate.jpa.HibernatePersistenceProvider</provider>
		<jta-data-source>java:jboss/datasources/ExampleDS</jta-data-source>
		<!-- Entities -->
		<class>ch.opentrainingcenter.business.domain.Athlete</class>
		<class>ch.opentrainingcenter.business.domain.Health</class>
		<class>ch.opentrainingcenter.business.domain.LapInfo</class>
		<class>ch.opentrainingcenter.business.domain.Planungwoche</class>
		<class>ch.opentrainingcenter.business.domain.Route</class>
		<class>ch.opentrainingcenter.business.domain.Shoe</class>
		<class>ch.opentrainingcenter.business.domain.Tracktrainingproperty</class>
		<class>ch.opentrainingcenter.business.domain.Training</class>
		<class>ch.opentrainingcenter.business.domain.Weather</class>

		<!-- Hibernate Properties -->
		<properties>
			<property name="hibernate.hbm2ddl.auto" value="create-drop" />
			<property name="hibernate.show_sql" value="true" />
		</properties>
	</persistence-unit>

</persistence>
